Running php-build composer
WARNING! Your password will be stored unencrypted in /home/runner/.docker/config.json.
Configure a credential helper to remove this warning. See
https://docs.docker.com/engine/reference/commandline/login/#credentials-store

Login Succeeded
Pulling docker.pkg.github.com/soup-bowl/wp-simple-smtp/php-actions_composer_wp-simple-smtp:php-latest-build2.1.0
php-latest-build2.1.0: Pulling from soup-bowl/wp-simple-smtp/php-actions_composer_wp-simple-smtp
f56be85fc22e: Already exists
ace8de9a4ff5: Pulling fs layer
ac818333da4c: Pulling fs layer
10f4138fad9a: Pulling fs layer
1b008268e276: Pulling fs layer
f561508b98c2: Pulling fs layer
4c6a53847876: Pulling fs layer
10b904fcdd84: Pulling fs layer
9f0238990502: Pulling fs layer
8a52a44ce1a1: Pulling fs layer
4c6a53847876: Waiting
1b008268e276: Waiting
10b904fcdd84: Waiting
f561508b98c2: Waiting
9f0238990502: Waiting
8a52a44ce1a1: Waiting
ac818333da4c: Verifying Checksum
ac818333da4c: Download complete
10f4138fad9a: Verifying Checksum
10f4138fad9a: Download complete
ace8de9a4ff5: Download complete
ace8de9a4ff5: Pull complete
ac818333da4c: Pull complete
10f4138fad9a: Pull complete
f561508b98c2: Verifying Checksum
f561508b98c2: Download complete
1b008268e276: Verifying Checksum
1b008268e276: Download complete
4c6a53847876: Verifying Checksum
4c6a53847876: Download complete
1b008268e276: Pull complete
f561508b98c2: Pull complete
10b904fcdd84: Verifying Checksum
10b904fcdd84: Download complete
9f0238990502: Verifying Checksum
9f0238990502: Download complete
8a52a44ce1a1: Verifying Checksum
8a52a44ce1a1: Download complete
4c6a53847876: Pull complete
10b904fcdd84: Pull complete
9f0238990502: Pull complete
8a52a44ce1a1: Pull complete
Digest: sha256:4e22c2af97cb70bd036ecb807487e96ae8b279834d2e164efc9b16dc379aa248
Status: Downloaded newer image for docker.pkg.github.com/soup-bowl/wp-simple-smtp/php-actions_composer_wp-simple-smtp:php-latest-build2.1.0
docker.pkg.github.com/soup-bowl/wp-simple-smtp/php-actions_composer_wp-simple-smtp:php-latest-build2.1.0
Docker tag: docker.pkg.github.com/soup-bowl/wp-simple-smtp/php-actions_composer_wp-simple-smtp:php-latest-build2.1.0
No private keys supplied
Command: composer install --no-dev --no-progress --no-interaction --profile --ignore-platform-reqs
Skipping env variable PWD
Skipping env variable HOME
Skipping env variable SHLVL
Skipping env variable PATH
